# JRE version: OpenJDK Runtime Environment (7.0_75-b13) (build 1.7.0_75-b13)
# Java VM: OpenJDK 64-Bit Server VM (24.75-b04 mixed mode linux-amd64 compressed oops)
Heap
 PSYoungGen      total 47104K, used 24374K [0x00000007d7100000, 0x00000007db800000, 0x0000000800000000)
  eden space 28672K, 22% used [0x00000007d7100000,0x00000007d774cd28,0x00000007d8d00000)
  from space 18432K, 97% used [0x00000007da180000,0x00000007db300c58,0x00000007db380000)
  to   space 20992K, 0% used [0x00000007d8d00000,0x00000007d8d00000,0x00000007da180000)
 ParOldGen       total 83456K, used 29859K [0x0000000785400000, 0x000000078a580000, 0x00000007d7100000)
  object space 83456K, 35% used [0x0000000785400000,0x0000000787128ee8,0x000000078a580000)
 PSPermGen       total 21504K, used 20298K [0x000000077ae00000, 0x000000077c300000, 0x0000000785400000)
  object space 21504K, 94% used [0x000000077ae00000,0x000000077c1d2a40,0x000000077c300000)
GC Heap History (10 events):
Event: 7.951 GC heap before
{Heap before GC invocations=2 (full 0):
 PSYoungGen      total 36864K, used 36840K [0x00000007d7100000, 0x00000007d9a00000, 0x0000000800000000)
  eden space 31744K, 100% used [0x00000007d7100000,0x00000007d9000000,0x00000007d9000000)
  from space 5120K, 99% used [0x00000007d9000000,0x00000007d94fa1d0,0x00000007d9500000)
  to   space 5120K, 0% used [0x00000007d9500000,0x00000007d9500000,0x00000007d9a00000)
 ParOldGen       total 83456K, used 1907K [0x0000000785400000, 0x000000078a580000, 0x00000007d7100000)
  object space 83456K, 2% used [0x0000000785400000,0x00000007855dcd00,0x000000078a580000)
 PSPermGen       total 21504K, used 18157K [0x000000077ae00000, 0x000000077c300000, 0x0000000785400000)
  object space 21504K, 84% used [0x000000077ae00000,0x000000077bfbb560,0x000000077c300000)
Event: 7.971 GC heap after
Heap after GC invocations=2 (full 0):
 PSYoungGen      total 36864K, used 5107K [0x00000007d7100000, 0x00000007d9a00000, 0x0000000800000000)
  eden space 31744K, 0% used [0x00000007d7100000,0x00000007d7100000,0x00000007d9000000)
  from space 5120K, 99% used [0x00000007d9500000,0x00000007d99fccb0,0x00000007d9a00000)
  to   space 5120K, 0% used [0x00000007d9000000,0x00000007d9000000,0x00000007d9500000)
 ParOldGen       total 83456K, used 4737K [0x0000000785400000, 0x000000078a580000, 0x00000007d7100000)
  object space 83456K, 5% used [0x0000000785400000,0x00000007858a06d8,0x000000078a580000)
 PSPermGen       total 21504K, used 18157K [0x000000077ae00000, 0x000000077c300000, 0x0000000785400000)
  object space 21504K, 84% used [0x000000077ae00000,0x000000077bfbb560,0x000000077c300000)
}
Event: 9.999 GC heap before
{Heap before GC invocations=3 (full 0):
 PSYoungGen      total 36864K, used 36851K [0x00000007d7100000, 0x00000007d9a00000, 0x0000000800000000)
  eden space 31744K, 100% used [0x00000007d7100000,0x00000007d9000000,0x00000007d9000000)
  from space 5120K, 99% used [0x00000007d9500000,0x00000007d99fccb0,0x00000007d9a00000)
  to   space 5120K, 0% used [0x00000007d9000000,0x00000007d9000000,0x00000007d9500000)
 ParOldGen       total 83456K, used 4737K [0x0000000785400000, 0x000000078a580000, 0x00000007d7100000)
  object space 83456K, 5% used [0x0000000785400000,0x00000007858a06d8,0x000000078a580000)
 PSPermGen       total 21504K, used 18996K [0x000000077ae00000, 0x000000077c300000, 0x0000000785400000)
  object space 21504K, 88% used [0x000000077ae00000,0x000000077c08d3a0,0x000000077c300000)
Event: 10.010 GC heap after
Heap after GC invocations=3 (full 0):
 PSYoungGen      total 36864K, used 5115K [0x00000007d7100000, 0x00000007d9a00000, 0x0000000800000000)
  eden space 31744K, 0% used [0x00000007d7100000,0x00000007d7100000,0x00000007d9000000)
  from space 5120K, 99% used [0x00000007d9000000,0x00000007d94fed40,0x00000007d9500000)
  to   space 5120K, 0% used [0x00000007d9500000,0x00000007d9500000,0x00000007d9a00000)
 ParOldGen       total 83456K, used 8979K [0x0000000785400000, 0x000000078a580000, 0x00000007d7100000)
  object space 83456K, 10% used [0x0000000785400000,0x0000000785cc4f10,0x000000078a580000)
 PSPermGen       total 21504K, used 18996K [0x000000077ae00000, 0x000000077c300000, 0x0000000785400000)
  object space 21504K, 88% used [0x000000077ae00000,0x000000077c08d3a0,0x000000077c300000)
}
Event: 12.020 GC heap before
{Heap before GC invocations=4 (full 0):
 PSYoungGen      total 36864K, used 36859K [0x00000007d7100000, 0x00000007d9a00000, 0x0000000800000000)
  eden space 31744K, 100% used [0x00000007d7100000,0x00000007d9000000,0x00000007d9000000)
  from space 5120K, 99% used [0x00000007d9000000,0x00000007d94fed40,0x00000007d9500000)
  to   space 5120K, 0% used [0x00000007d9500000,0x00000007d9500000,0x00000007d9a00000)
 ParOldGen       total 83456K, used 8979K [0x0000000785400000, 0x000000078a580000, 0x00000007d7100000)
  object space 83456K, 10% used [0x0000000785400000,0x0000000785cc4f10,0x000000078a580000)
 PSPermGen       total 21504K, used 19681K [0x000000077ae00000, 0x000000077c300000, 0x0000000785400000)
  object space 21504K, 91% used [0x000000077ae00000,0x000000077c138478,0x000000077c300000)
Event: 12.031 GC heap after
Heap after GC invocations=4 (full 0):
 PSYoungGen      total 36864K, used 5119K [0x00000007d7100000, 0x00000007d9a00000, 0x0000000800000000)
  eden space 31744K, 0% used [0x00000007d7100000,0x00000007d7100000,0x00000007d9000000)
  from space 5120K, 99% used [0x00000007d9500000,0x00000007d99ffc98,0x00000007d9a00000)
  to   space 5120K, 0% used [0x00000007d9000000,0x00000007d9000000,0x00000007d9500000)
 ParOldGen       total 83456K, used 20783K [0x0000000785400000, 0x000000078a580000, 0x00000007d7100000)
  object space 83456K, 24% used [0x0000000785400000,0x000000078684bdd8,0x000000078a580000)
 PSPermGen       total 21504K, used 19681K [0x000000077ae00000, 0x000000077c300000, 0x0000000785400000)
  object space 21504K, 91% used [0x000000077ae00000,0x000000077c138478,0x000000077c300000)
}
Event: 13.345 GC heap before
{Heap before GC invocations=5 (full 0):
 PSYoungGen      total 36864K, used 36863K [0x00000007d7100000, 0x00000007d9a00000, 0x0000000800000000)
  eden space 31744K, 100% used [0x00000007d7100000,0x00000007d9000000,0x00000007d9000000)
  from space 5120K, 99% used [0x00000007d9500000,0x00000007d99ffc98,0x00000007d9a00000)
  to   space 5120K, 0% used [0x00000007d9000000,0x00000007d9000000,0x00000007d9500000)
 ParOldGen       total 83456K, used 20783K [0x0000000785400000, 0x000000078a580000, 0x00000007d7100000)
  object space 83456K, 24% used [0x0000000785400000,0x000000078684bdd8,0x000000078a580000)
 PSPermGen       total 21504K, used 19844K [0x000000077ae00000, 0x000000077c300000, 0x0000000785400000)
  object space 21504K, 92% used [0x000000077ae00000,0x000000077c1611a8,0x000000077c300000)
Event: 13.376 GC heap after
Heap after GC invocations=5 (full 0):
 PSYoungGen      total 36352K, used 5106K [0x00000007d7100000, 0x00000007db380000, 0x0000000800000000)
  eden space 31232K, 0% used [0x00000007d7100000,0x00000007d7100000,0x00000007d8f80000)
  from space 5120K, 99% used [0x00000007d9000000,0x00000007d94fc988,0x00000007d9500000)
  to   space 18432K, 0% used [0x00000007da180000,0x00000007da180000,0x00000007db380000)
 ParOldGen       total 83456K, used 29859K [0x0000000785400000, 0x000000078a580000, 0x00000007d7100000)
  object space 83456K, 35% used [0x0000000785400000,0x0000000787128ee8,0x000000078a580000)
 PSPermGen       total 21504K, used 19844K [0x000000077ae00000, 0x000000077c300000, 0x0000000785400000)
  object space 21504K, 92% used [0x000000077ae00000,0x000000077c1611a8,0x000000077c300000)
}
Event: 43.851 GC heap before
{Heap before GC invocations=6 (full 0):
 PSYoungGen      total 36352K, used 36338K [0x00000007d7100000, 0x00000007db380000, 0x0000000800000000)
  eden space 31232K, 100% used [0x00000007d7100000,0x00000007d8f80000,0x00000007d8f80000)
  from space 5120K, 99% used [0x00000007d9000000,0x00000007d94fc988,0x00000007d9500000)
  to   space 18432K, 0% used [0x00000007da180000,0x00000007da180000,0x00000007db380000)
 ParOldGen       total 83456K, used 29859K [0x0000000785400000, 0x000000078a580000, 0x00000007d7100000)
  object space 83456K, 35% used [0x0000000785400000,0x0000000787128ee8,0x000000078a580000)
 PSPermGen       total 21504K, used 20206K [0x000000077ae00000, 0x000000077c300000, 0x0000000785400000)
  object space 21504K, 93% used [0x000000077ae00000,0x000000077c1bbae0,0x000000077c300000)
Event: 43.878 GC heap after
Heap after GC invocations=6 (full 0):
 PSYoungGen      total 47104K, used 17923K [0x00000007d7100000, 0x00000007db800000, 0x0000000800000000)
  eden space 28672K, 0% used [0x00000007d7100000,0x00000007d7100000,0x00000007d8d00000)
  from space 18432K, 97% used [0x00000007da180000,0x00000007db300c58,0x00000007db380000)
  to   space 20992K, 0% used [0x00000007d8d00000,0x00000007d8d00000,0x00000007da180000)
 ParOldGen       total 83456K, used 29859K [0x0000000785400000, 0x000000078a580000, 0x00000007d7100000)
  object space 83456K, 35% used [0x0000000785400000,0x0000000787128ee8,0x000000078a580000)
 PSPermGen       total 21504K, used 20206K [0x000000077ae00000, 0x000000077c300000, 0x0000000785400000)
  object space 21504K, 93% used [0x000000077ae00000,0x000000077c1bbae0,0x000000077c300000)
}

