# JRE version: OpenJDK Runtime Environment (7.0_75-b13) (build 1.7.0_75-b13)
# Java VM: OpenJDK 64-Bit Server VM (24.75-b04 mixed mode linux-amd64 compressed oops)
Heap
 PSYoungGen      total 48128K, used 32052K [0x00000007d7100000, 0x00000007dbb00000, 0x0000000800000000)
  eden space 24576K, 51% used [0x00000007d7100000,0x00000007d7d624e8,0x00000007d8900000)
  from space 23552K, 82% used [0x00000007da180000,0x00000007db46ae18,0x00000007db880000)
  to   space 25088K, 0% used [0x00000007d8900000,0x00000007d8900000,0x00000007da180000)
 ParOldGen       total 83456K, used 30429K [0x0000000785400000, 0x000000078a580000, 0x00000007d7100000)
  object space 83456K, 36% used [0x0000000785400000,0x00000007871b7760,0x000000078a580000)
 PSPermGen       total 21504K, used 19665K [0x000000077ae00000, 0x000000077c300000, 0x0000000785400000)
  object space 21504K, 91% used [0x000000077ae00000,0x000000077c1345c0,0x000000077c300000)
GC Heap History (10 events):
Event: 90.080 GC heap before
{Heap before GC invocations=4 (full 0):
 PSYoungGen      total 36864K, used 36834K [0x00000007d7100000, 0x00000007d9a00000, 0x0000000800000000)
  eden space 31744K, 100% used [0x00000007d7100000,0x00000007d9000000,0x00000007d9000000)
  from space 5120K, 99% used [0x00000007d9000000,0x00000007d94f8840,0x00000007d9500000)
  to   space 5120K, 0% used [0x00000007d9500000,0x00000007d9500000,0x00000007d9a00000)
 ParOldGen       total 83456K, used 8352K [0x0000000785400000, 0x000000078a580000, 0x00000007d7100000)
  object space 83456K, 10% used [0x0000000785400000,0x0000000785c28230,0x000000078a580000)
 PSPermGen       total 21504K, used 19138K [0x000000077ae00000, 0x000000077c300000, 0x0000000785400000)
  object space 21504K, 88% used [0x000000077ae00000,0x000000077c0b08f8,0x000000077c300000)
Event: 90.092 GC heap after
Heap after GC invocations=4 (full 0):
 PSYoungGen      total 36864K, used 5116K [0x00000007d7100000, 0x00000007d9a00000, 0x0000000800000000)
  eden space 31744K, 0% used [0x00000007d7100000,0x00000007d7100000,0x00000007d9000000)
  from space 5120K, 99% used [0x00000007d9500000,0x00000007d99ff3f8,0x00000007d9a00000)
  to   space 5120K, 0% used [0x00000007d9000000,0x00000007d9000000,0x00000007d9500000)
 ParOldGen       total 83456K, used 13521K [0x0000000785400000, 0x000000078a580000, 0x00000007d7100000)
  object space 83456K, 16% used [0x0000000785400000,0x0000000786134778,0x000000078a580000)
 PSPermGen       total 21504K, used 19138K [0x000000077ae00000, 0x000000077c300000, 0x0000000785400000)
  object space 21504K, 88% used [0x000000077ae00000,0x000000077c0b08f8,0x000000077c300000)
}
Event: 91.022 GC heap before
{Heap before GC invocations=5 (full 0):
 PSYoungGen      total 36864K, used 36860K [0x00000007d7100000, 0x00000007d9a00000, 0x0000000800000000)
  eden space 31744K, 100% used [0x00000007d7100000,0x00000007d9000000,0x00000007d9000000)
  from space 5120K, 99% used [0x00000007d9500000,0x00000007d99ff3f8,0x00000007d9a00000)
  to   space 5120K, 0% used [0x00000007d9000000,0x00000007d9000000,0x00000007d9500000)
 ParOldGen       total 83456K, used 13521K [0x0000000785400000, 0x000000078a580000, 0x00000007d7100000)
  object space 83456K, 16% used [0x0000000785400000,0x0000000786134778,0x000000078a580000)
 PSPermGen       total 21504K, used 19248K [0x000000077ae00000, 0x000000077c300000, 0x0000000785400000)
  object space 21504K, 89% used [0x000000077ae00000,0x000000077c0cc3c8,0x000000077c300000)
Event: 91.035 GC heap after
Heap after GC invocations=5 (full 0):
 PSYoungGen      total 36352K, used 5115K [0x00000007d7100000, 0x00000007dab80000, 0x0000000800000000)
  eden space 31232K, 0% used [0x00000007d7100000,0x00000007d7100000,0x00000007d8f80000)
  from space 5120K, 99% used [0x00000007d9000000,0x00000007d94fef58,0x00000007d9500000)
  to   space 14336K, 0% used [0x00000007d9d80000,0x00000007d9d80000,0x00000007dab80000)
 ParOldGen       total 83456K, used 20692K [0x0000000785400000, 0x000000078a580000, 0x00000007d7100000)
  object space 83456K, 24% used [0x0000000785400000,0x0000000786835328,0x000000078a580000)
 PSPermGen       total 21504K, used 19248K [0x000000077ae00000, 0x000000077c300000, 0x0000000785400000)
  object space 21504K, 89% used [0x000000077ae00000,0x000000077c0cc3c8,0x000000077c300000)
}
Event: 94.810 GC heap before
{Heap before GC invocations=6 (full 0):
 PSYoungGen      total 36352K, used 36347K [0x00000007d7100000, 0x00000007dab80000, 0x0000000800000000)
  eden space 31232K, 100% used [0x00000007d7100000,0x00000007d8f80000,0x00000007d8f80000)
  from space 5120K, 99% used [0x00000007d9000000,0x00000007d94fef58,0x00000007d9500000)
  to   space 14336K, 0% used [0x00000007d9d80000,0x00000007d9d80000,0x00000007dab80000)
 ParOldGen       total 83456K, used 20700K [0x0000000785400000, 0x000000078a580000, 0x00000007d7100000)
  object space 83456K, 24% used [0x0000000785400000,0x0000000786837338,0x000000078a580000)
 PSPermGen       total 21504K, used 19411K [0x000000077ae00000, 0x000000077c300000, 0x0000000785400000)
  object space 21504K, 90% used [0x000000077ae00000,0x000000077c0f4ce8,0x000000077c300000)
Event: 94.830 GC heap after
Heap after GC invocations=6 (full 0):
 PSYoungGen      total 40960K, used 14320K [0x00000007d7100000, 0x00000007db400000, 0x0000000800000000)
  eden space 26624K, 0% used [0x00000007d7100000,0x00000007d7100000,0x00000007d8b00000)
  from space 14336K, 99% used [0x00000007d9d80000,0x00000007dab7c238,0x00000007dab80000)
  to   space 18944K, 0% used [0x00000007d8b00000,0x00000007d8b00000,0x00000007d9d80000)
 ParOldGen       total 83456K, used 24968K [0x0000000785400000, 0x000000078a580000, 0x00000007d7100000)
  object space 83456K, 29% used [0x0000000785400000,0x0000000786c620c8,0x000000078a580000)
 PSPermGen       total 21504K, used 19411K [0x000000077ae00000, 0x000000077c300000, 0x0000000785400000)
  object space 21504K, 90% used [0x000000077ae00000,0x000000077c0f4ce8,0x000000077c300000)
}
Event: 132.267 GC heap before
{Heap before GC invocations=7 (full 0):
 PSYoungGen      total 40960K, used 40944K [0x00000007d7100000, 0x00000007db400000, 0x0000000800000000)
  eden space 26624K, 100% used [0x00000007d7100000,0x00000007d8b00000,0x00000007d8b00000)
  from space 14336K, 99% used [0x00000007d9d80000,0x00000007dab7c238,0x00000007dab80000)
  to   space 18944K, 0% used [0x00000007d8b00000,0x00000007d8b00000,0x00000007d9d80000)
 ParOldGen       total 83456K, used 24977K [0x0000000785400000, 0x000000078a580000, 0x00000007d7100000)
  object space 83456K, 29% used [0x0000000785400000,0x0000000786c646c8,0x000000078a580000)
 PSPermGen       total 21504K, used 19441K [0x000000077ae00000, 0x000000077c300000, 0x0000000785400000)
  object space 21504K, 90% used [0x000000077ae00000,0x000000077c0fc448,0x000000077c300000)
Event: 132.283 GC heap after
Heap after GC invocations=7 (full 0):
 PSYoungGen      total 45056K, used 18931K [0x00000007d7100000, 0x00000007db880000, 0x0000000800000000)
  eden space 26112K, 0% used [0x00000007d7100000,0x00000007d7100000,0x00000007d8a80000)
  from space 18944K, 99% used [0x00000007d8b00000,0x00000007d9d7ce68,0x00000007d9d80000)
  to   space 23552K, 0% used [0x00000007da180000,0x00000007da180000,0x00000007db880000)
 ParOldGen       total 83456K, used 28435K [0x0000000785400000, 0x000000078a580000, 0x00000007d7100000)
  object space 83456K, 34% used [0x0000000785400000,0x0000000786fc4cb8,0x000000078a580000)
 PSPermGen       total 21504K, used 19441K [0x000000077ae00000, 0x000000077c300000, 0x0000000785400000)
  object space 21504K, 90% used [0x000000077ae00000,0x000000077c0fc448,0x000000077c300000)
}
Event: 133.208 GC heap before
{Heap before GC invocations=8 (full 0):
 PSYoungGen      total 45056K, used 45043K [0x00000007d7100000, 0x00000007db880000, 0x0000000800000000)
  eden space 26112K, 100% used [0x00000007d7100000,0x00000007d8a80000,0x00000007d8a80000)
  from space 18944K, 99% used [0x00000007d8b00000,0x00000007d9d7ce68,0x00000007d9d80000)
  to   space 23552K, 0% used [0x00000007da180000,0x00000007da180000,0x00000007db880000)
 ParOldGen       total 83456K, used 28435K [0x0000000785400000, 0x000000078a580000, 0x00000007d7100000)
  object space 83456K, 34% used [0x0000000785400000,0x0000000786fc4cb8,0x000000078a580000)
 PSPermGen       total 21504K, used 19478K [0x000000077ae00000, 0x000000077c300000, 0x0000000785400000)
  object space 21504K, 90% used [0x000000077ae00000,0x000000077c1058d0,0x000000077c300000)
Event: 133.223 GC heap after
Heap after GC invocations=8 (full 0):
 PSYoungGen      total 48128K, used 19371K [0x00000007d7100000, 0x00000007dbb00000, 0x0000000800000000)
  eden space 24576K, 0% used [0x00000007d7100000,0x00000007d7100000,0x00000007d8900000)
  from space 23552K, 82% used [0x00000007da180000,0x00000007db46ae18,0x00000007db880000)
  to   space 25088K, 0% used [0x00000007d8900000,0x00000007d8900000,0x00000007da180000)
 ParOldGen       total 83456K, used 30429K [0x0000000785400000, 0x000000078a580000, 0x00000007d7100000)
  object space 83456K, 36% used [0x0000000785400000,0x00000007871b7760,0x000000078a580000)
 PSPermGen       total 21504K, used 19478K [0x000000077ae00000, 0x000000077c300000, 0x0000000785400000)
  object space 21504K, 90% used [0x000000077ae00000,0x000000077c1058d0,0x000000077c300000)
}

